[0.018s] Invoking command in '/home/smaug/TSP/autotech_ws/build/urg_node': CMAKE_PREFIX_PATH=/home/smaug/Documents/ProjetGate-VoitureAutonome/Autotech2022_2023/ros2_ws/install/AutoTech_ros2_pkg:/opt/ros/humble /usr/bin/cmake /home/smaug/TSP/autotech_ws/src/urg_node -DCMAKE_INSTALL_PREFIX=/home/smaug/TSP/autotech_ws/install/urg_node
[0.028s] -- Found ament_cmake: 1.3.3 (/opt/ros/humble/share/ament_cmake/cmake)
[0.217s] [31mCMake Error at CMakeLists.txt:22 (find_package):
[0.217s]   By not providing "Finddiagnostic_updater.cmake" in CMAKE_MODULE_PATH this
[0.217s]   project has asked CMake to find a package configuration file provided by
[0.218s]   "diagnostic_updater", but CMake did not find one.
[0.218s] 
[0.218s]   Could not find a package configuration file provided by
[0.218s]   "diagnostic_updater" with any of the following names:
[0.218s] 
[0.218s]     diagnostic_updaterConfig.cmake
[0.218s]     diagnostic_updater-config.cmake
[0.218s] 
[0.218s]   Add the installation prefix of "diagnostic_updater" to CMAKE_PREFIX_PATH or
[0.218s]   set "diagnostic_updater_DIR" to a directory containing one of the above
[0.218s]   files.  If "diagnostic_updater" provides a separate development package or
[0.218s]   SDK, be sure it has been installed.
[0.218s] 
[0.219s] -- Configuring incomplete, errors occurred!
[0.219s] See also "/home/smaug/TSP/autotech_ws/build/urg_node/CMakeFiles/CMakeOutput.log".
[0.219s] [0m
[0.221s] Invoked command in '/home/smaug/TSP/autotech_ws/build/urg_node' returned '1': CMAKE_PREFIX_PATH=/home/smaug/Documents/ProjetGate-VoitureAutonome/Autotech2022_2023/ros2_ws/install/AutoTech_ros2_pkg:/opt/ros/humble /usr/bin/cmake /home/smaug/TSP/autotech_ws/src/urg_node -DCMAKE_INSTALL_PREFIX=/home/smaug/TSP/autotech_ws/install/urg_node
