[  3%] [34m[1mGenerating C code for ROS interfaces[0m
[  6%] [34m[1mGenerating C++ code for ROS interfaces[0m
[  6%] Built target ament_cmake_python_copy_covaps
[  9%] [32mBuilding C object CMakeFiles/covaps__rosidl_generator_c.dir/rosidl_generator_c/covaps/msg/detail/order__functions.c.o[0m
[  9%] Built target covaps__cpp
[ 16%] [34m[1mGenerating C++ introspection for ROS interfaces[0m
[ 16%] [34m[1mGenerating C++ type support dispatch for ROS interfaces[0m
[ 19%] [34m[1mGenerating C++ type support for eProsima Fast-RTPS[0m
[ 22%] [32m[1mLinking C shared library libcovaps__rosidl_generator_c.so[0m
running egg_info
creating covaps.egg-info
writing covaps.egg-info/PKG-INFO
writing dependency_links to covaps.egg-info/dependency_links.txt
writing top-level names to covaps.egg-info/top_level.txt
writing manifest file 'covaps.egg-info/SOURCES.txt'
reading manifest file 'covaps.egg-info/SOURCES.txt'
writing manifest file 'covaps.egg-info/SOURCES.txt'
[ 22%] Built target covaps__rosidl_generator_c
[ 22%] Built target ament_cmake_python_build_covaps_egg
[ 25%] [34m[1mGenerating C type support for eProsima Fast-RTPS[0m
[ 32%] [34m[1mGenerating C introspection for ROS interfaces[0m
[ 32%] [34m[1mGenerating C type support dispatch for ROS interfaces[0m
[ 35%] [32mBuilding CXX object CMakeFiles/covaps__rosidl_typesupport_cpp.dir/rosidl_typesupport_cpp/covaps/msg/order__type_support.cpp.o[0m
[ 38%] [32mBuilding CXX object CMakeFiles/covaps__rosidl_typesupport_fastrtps_c.dir/rosidl_typesupport_fastrtps_c/covaps/msg/detail/order__type_support_c.cpp.o[0m
[ 41%] [32mBuilding CXX object CMakeFiles/covaps__rosidl_typesupport_introspection_cpp.dir/rosidl_typesupport_introspection_cpp/covaps/msg/detail/order__type_support.cpp.o[0m
[ 45%] [32mBuilding CXX object CMakeFiles/covaps__rosidl_typesupport_fastrtps_cpp.dir/rosidl_typesupport_fastrtps_cpp/covaps/msg/detail/dds_fastrtps/order__type_support.cpp.o[0m
[ 48%] [32mBuilding CXX object CMakeFiles/covaps__rosidl_typesupport_c.dir/rosidl_typesupport_c/covaps/msg/order__type_support.cpp.o[0m
[ 51%] [32mBuilding C object CMakeFiles/covaps__rosidl_typesupport_introspection_c.dir/rosidl_typesupport_introspection_c/covaps/msg/detail/order__type_support.c.o[0m
[ 54%] [32m[1mLinking CXX shared library libcovaps__rosidl_typesupport_c.so[0m
[ 58%] [32m[1mLinking C shared library libcovaps__rosidl_typesupport_introspection_c.so[0m
[ 58%] Built target covaps__rosidl_typesupport_introspection_c
[ 61%] [32m[1mLinking CXX shared library libcovaps__rosidl_typesupport_cpp.so[0m
[ 61%] Built target covaps__rosidl_typesupport_c
[ 61%] Built target covaps__rosidl_typesupport_cpp
[ 64%] [32m[1mLinking CXX shared library libcovaps__rosidl_typesupport_fastrtps_c.so[0m
[ 67%] [32m[1mLinking CXX shared library libcovaps__rosidl_typesupport_introspection_cpp.so[0m
[ 67%] Built target covaps__rosidl_typesupport_fastrtps_c
[ 70%] [32m[1mLinking CXX shared library libcovaps__rosidl_typesupport_fastrtps_cpp.so[0m
[ 70%] Built target covaps__rosidl_typesupport_introspection_cpp
[ 70%] Built target covaps__rosidl_typesupport_fastrtps_cpp
[ 70%] Built target covaps
[ 74%] [34m[1mGenerating Python code for ROS interfaces[0m
[ 74%] Built target covaps__py
[ 77%] [32mBuilding C object CMakeFiles/covaps__rosidl_generator_py.dir/rosidl_generator_py/covaps/msg/_order_s.c.o[0m
[ 80%] [32m[1mLinking C shared library rosidl_generator_py/covaps/libcovaps__rosidl_generator_py.so[0m
[ 80%] Built target covaps__rosidl_generator_py
[ 90%] [32mBuilding C object CMakeFiles/covaps__rosidl_typesupport_fastrtps_c__pyext.dir/rosidl_generator_py/covaps/_covaps_s.ep.rosidl_typesupport_fastrtps_c.c.o[0m
[ 90%] [32mBuilding C object CMakeFiles/covaps__rosidl_typesupport_introspection_c__pyext.dir/rosidl_generator_py/covaps/_covaps_s.ep.rosidl_typesupport_introspection_c.c.o[0m
[ 90%] [32mBuilding C object CMakeFiles/covaps__rosidl_typesupport_c__pyext.dir/rosidl_generator_py/covaps/_covaps_s.ep.rosidl_typesupport_c.c.o[0m
[ 93%] [32m[1mLinking C shared library rosidl_generator_py/covaps/covaps_s__rosidl_typesupport_c.cpython-310-x86_64-linux-gnu.so[0m
[ 96%] [32m[1mLinking C shared library rosidl_generator_py/covaps/covaps_s__rosidl_typesupport_introspection_c.cpython-310-x86_64-linux-gnu.so[0m
[100%] [32m[1mLinking C shared library rosidl_generator_py/covaps/covaps_s__rosidl_typesupport_fastrtps_c.cpython-310-x86_64-linux-gnu.so[0m
[100%] Built target covaps__rosidl_typesupport_c__pyext
[100%] Built target covaps__rosidl_typesupport_introspection_c__pyext
[100%] Built target covaps__rosidl_typesupport_fastrtps_c__pyext
