[0.028s] Invoking command in '/home/smaug/TSP/autotech_ws/build/covaps': CMAKE_PREFIX_PATH=/home/smaug/Documents/ProjetGate-VoitureAutonome/Autotech2022_2023/ros2_ws/install/AutoTech_ros2_pkg:/opt/ros/humble /usr/bin/cmake --build /home/smaug/TSP/autotech_ws/build/covaps -- -j8 -l8
[0.066s] [  3%] [34m[1mGenerating C code for ROS interfaces[0m
[0.076s] [  6%] [34m[1mGenerating C++ code for ROS interfaces[0m
[0.084s] [  6%] Built target ament_cmake_python_copy_covaps
[0.361s] [  9%] [32mBuilding C object CMakeFiles/covaps__rosidl_generator_c.dir/rosidl_generator_c/covaps/msg/detail/order__functions.c.o[0m
[0.375s] [  9%] Built target covaps__cpp
[0.385s] [ 16%] [34m[1mGenerating C++ introspection for ROS interfaces[0m
[0.385s] [ 16%] [34m[1mGenerating C++ type support dispatch for ROS interfaces[0m
[0.387s] [ 19%] [34m[1mGenerating C++ type support for eProsima Fast-RTPS[0m
[0.419s] [ 22%] [32m[1mLinking C shared library libcovaps__rosidl_generator_c.so[0m
[0.422s] running egg_info
[0.423s] creating covaps.egg-info
[0.423s] writing covaps.egg-info/PKG-INFO
[0.423s] writing dependency_links to covaps.egg-info/dependency_links.txt
[0.423s] writing top-level names to covaps.egg-info/top_level.txt
[0.424s] writing manifest file 'covaps.egg-info/SOURCES.txt'
[0.427s] reading manifest file 'covaps.egg-info/SOURCES.txt'
[0.428s] writing manifest file 'covaps.egg-info/SOURCES.txt'
[0.465s] [ 22%] Built target covaps__rosidl_generator_c
[0.472s] [ 22%] Built target ament_cmake_python_build_covaps_egg
[0.476s] [ 25%] [34m[1mGenerating C type support for eProsima Fast-RTPS[0m
[0.477s] [ 32%] [34m[1mGenerating C introspection for ROS interfaces[0m
[0.478s] [ 32%] [34m[1mGenerating C type support dispatch for ROS interfaces[0m
[0.622s] [ 35%] [32mBuilding CXX object CMakeFiles/covaps__rosidl_typesupport_cpp.dir/rosidl_typesupport_cpp/covaps/msg/order__type_support.cpp.o[0m
[0.731s] [ 38%] [32mBuilding CXX object CMakeFiles/covaps__rosidl_typesupport_fastrtps_c.dir/rosidl_typesupport_fastrtps_c/covaps/msg/detail/order__type_support_c.cpp.o[0m
[0.799s] [ 41%] [32mBuilding CXX object CMakeFiles/covaps__rosidl_typesupport_introspection_cpp.dir/rosidl_typesupport_introspection_cpp/covaps/msg/detail/order__type_support.cpp.o[0m
[0.803s] [ 45%] [32mBuilding CXX object CMakeFiles/covaps__rosidl_typesupport_fastrtps_cpp.dir/rosidl_typesupport_fastrtps_cpp/covaps/msg/detail/dds_fastrtps/order__type_support.cpp.o[0m
[0.858s] [ 48%] [32mBuilding CXX object CMakeFiles/covaps__rosidl_typesupport_c.dir/rosidl_typesupport_c/covaps/msg/order__type_support.cpp.o[0m
[0.877s] [ 51%] [32mBuilding C object CMakeFiles/covaps__rosidl_typesupport_introspection_c.dir/rosidl_typesupport_introspection_c/covaps/msg/detail/order__type_support.c.o[0m
[0.904s] [ 54%] [32m[1mLinking CXX shared library libcovaps__rosidl_typesupport_c.so[0m
[0.920s] [ 58%] [32m[1mLinking C shared library libcovaps__rosidl_typesupport_introspection_c.so[0m
[0.953s] [ 58%] Built target covaps__rosidl_typesupport_introspection_c
[0.958s] [ 61%] [32m[1mLinking CXX shared library libcovaps__rosidl_typesupport_cpp.so[0m
[0.962s] [ 61%] Built target covaps__rosidl_typesupport_c
[1.000s] [ 61%] Built target covaps__rosidl_typesupport_cpp
[1.181s] [ 64%] [32m[1mLinking CXX shared library libcovaps__rosidl_typesupport_fastrtps_c.so[0m
[1.213s] [ 67%] [32m[1mLinking CXX shared library libcovaps__rosidl_typesupport_introspection_cpp.so[0m
[1.277s] [ 67%] Built target covaps__rosidl_typesupport_fastrtps_c
[1.283s] [ 70%] [32m[1mLinking CXX shared library libcovaps__rosidl_typesupport_fastrtps_cpp.so[0m
[1.291s] [ 70%] Built target covaps__rosidl_typesupport_introspection_cpp
[1.360s] [ 70%] Built target covaps__rosidl_typesupport_fastrtps_cpp
[1.379s] [ 70%] Built target covaps
[1.398s] [ 74%] [34m[1mGenerating Python code for ROS interfaces[0m
[1.686s] [ 74%] Built target covaps__py
[1.704s] [ 77%] [32mBuilding C object CMakeFiles/covaps__rosidl_generator_py.dir/rosidl_generator_py/covaps/msg/_order_s.c.o[0m
[1.807s] [ 80%] [32m[1mLinking C shared library rosidl_generator_py/covaps/libcovaps__rosidl_generator_py.so[0m
[1.846s] [ 80%] Built target covaps__rosidl_generator_py
[1.867s] [ 90%] [32mBuilding C object CMakeFiles/covaps__rosidl_typesupport_fastrtps_c__pyext.dir/rosidl_generator_py/covaps/_covaps_s.ep.rosidl_typesupport_fastrtps_c.c.o[0m
[1.867s] [ 90%] [32mBuilding C object CMakeFiles/covaps__rosidl_typesupport_introspection_c__pyext.dir/rosidl_generator_py/covaps/_covaps_s.ep.rosidl_typesupport_introspection_c.c.o[0m
[1.867s] [ 90%] [32mBuilding C object CMakeFiles/covaps__rosidl_typesupport_c__pyext.dir/rosidl_generator_py/covaps/_covaps_s.ep.rosidl_typesupport_c.c.o[0m
[1.959s] [ 93%] [32m[1mLinking C shared library rosidl_generator_py/covaps/covaps_s__rosidl_typesupport_c.cpython-310-x86_64-linux-gnu.so[0m
[1.961s] [ 96%] [32m[1mLinking C shared library rosidl_generator_py/covaps/covaps_s__rosidl_typesupport_introspection_c.cpython-310-x86_64-linux-gnu.so[0m
[1.965s] [100%] [32m[1mLinking C shared library rosidl_generator_py/covaps/covaps_s__rosidl_typesupport_fastrtps_c.cpython-310-x86_64-linux-gnu.so[0m
[1.992s] [100%] Built target covaps__rosidl_typesupport_c__pyext
[1.992s] [100%] Built target covaps__rosidl_typesupport_introspection_c__pyext
[1.999s] [100%] Built target covaps__rosidl_typesupport_fastrtps_c__pyext
