[0.029s] Invoking command in '/home/smaug/TSP/autotech_ws/build/covaps': CMAKE_PREFIX_PATH=/home/smaug/Documents/ProjetGate-VoitureAutonome/Autotech2022_2023/ros2_ws/install/AutoTech_ros2_pkg:/opt/ros/humble /usr/bin/cmake /home/smaug/TSP/autotech_ws/src/covaps -DCMAKE_INSTALL_PREFIX=/home/smaug/TSP/autotech_ws/install/covaps
[0.121s] -- The C compiler identification is GNU 11.3.0
[0.195s] -- The CXX compiler identification is GNU 11.3.0
[0.205s] -- Detecting C compiler ABI info
[0.274s] -- Detecting C compiler ABI info - done
[0.288s] -- Check for working C compiler: /usr/bin/cc - skipped
[0.289s] -- Detecting C compile features
[0.290s] -- Detecting C compile features - done
[0.294s] -- Detecting CXX compiler ABI info
[0.376s] -- Detecting CXX compiler ABI info - done
[0.383s] -- Check for working CXX compiler: /usr/bin/c++ - skipped
[0.384s] -- Detecting CXX compile features
[0.384s] -- Detecting CXX compile features - done
[0.390s] -- Found ament_cmake: 1.3.3 (/opt/ros/humble/share/ament_cmake/cmake)
[0.585s] -- Found Python3: /usr/bin/python3.10 (found version "3.10.6") found components: Interpreter 
[0.692s] -- Found rosidl_default_generators: 1.2.0 (/opt/ros/humble/share/rosidl_default_generators/cmake)
[0.696s] -- Using all available rosidl_typesupport_c: rosidl_typesupport_fastrtps_c;rosidl_typesupport_introspection_c
[0.704s] -- Found rosidl_adapter: 3.1.4 (/opt/ros/humble/share/rosidl_adapter/cmake)
[0.756s] -- Using all available rosidl_typesupport_cpp: rosidl_typesupport_fastrtps_cpp;rosidl_typesupport_introspection_cpp
[1.048s] -- Found ament_cmake_ros: 0.10.0 (/opt/ros/humble/share/ament_cmake_ros/cmake)
[1.240s] -- Using all available rosidl_typesupport_c: rosidl_typesupport_fastrtps_c;rosidl_typesupport_introspection_c
[1.486s] -- Using all available rosidl_typesupport_cpp: rosidl_typesupport_fastrtps_cpp;rosidl_typesupport_introspection_cpp
[1.510s] -- Found PythonInterp: /usr/bin/python3 (found suitable version "3.10.6", minimum required is "3.6") 
[1.512s] -- Found python_cmake_module: 0.10.0 (/opt/ros/humble/share/python_cmake_module/cmake)
[1.541s] -- Found PythonLibs: /usr/lib/x86_64-linux-gnu/libpython3.10.so (found suitable version "3.10.6", minimum required is "3.5") 
[1.541s] -- Using PYTHON_EXECUTABLE: /usr/bin/python3
[1.541s] -- Using PYTHON_INCLUDE_DIRS: /usr/include/python3.10
[1.541s] -- Using PYTHON_LIBRARIES: /usr/lib/x86_64-linux-gnu/libpython3.10.so
[1.564s] -- Found PythonExtra: .so  
[1.598s] -- Found ament_lint_auto: 0.12.5 (/opt/ros/humble/share/ament_lint_auto/cmake)
[1.621s] -- Added test 'lint_cmake' to check CMake code style
[1.622s] -- Added test 'xmllint' to check XML markup files
[1.625s] -- Configuring done
[1.655s] -- Generating done
[1.657s] -- Build files have been written to: /home/smaug/TSP/autotech_ws/build/covaps
